2025-05-06 15:42:01,216 - INFO - uitschieter ontdekt in /home/jstuut/meetsysteem/sensorbuitenmuur.csv.
2025-05-06 17:00:07,437 - INFO - uitschieter ontdekt in /home/jstuut/meetsysteem/sensorraam.csv.
2025-05-10 00:31:10,776 - INFO - uitschieter ontdekt in /home/jstuut/meetsysteem/sensorbuitenmuur.csv.
2025-05-10 00:31:10,778 - INFO - uitschieter ontdekt in /home/jstuut/meetsysteem/sensorbinnenmuur.csv.
2025-05-10 00:31:10,779 - INFO - uitschieter ontdekt in /home/jstuut/meetsysteem/sensorhoek.csv.
2025-05-10 00:31:10,779 - INFO - uitschieter ontdekt in /home/jstuut/meetsysteem/sensorraam.csv.
2025-05-10 00:31:10,780 - INFO - uitschieter ontdekt in /home/jstuut/meetsysteem/sensorruimte.csv.
2025-05-10 00:32:00,783 - INFO - uitschieter ontdekt in /home/jstuut/meetsysteem/sensorbuitenmuur.csv.
2025-05-10 00:32:00,785 - INFO - uitschieter ontdekt in /home/jstuut/meetsysteem/sensorbinnenmuur.csv.
2025-05-10 00:32:00,787 - INFO - uitschieter ontdekt in /home/jstuut/meetsysteem/sensorhoek.csv.
2025-05-10 00:32:00,790 - INFO - uitschieter ontdekt in /home/jstuut/meetsysteem/sensorraam.csv.
2025-05-10 00:32:00,791 - INFO - uitschieter ontdekt in /home/jstuut/meetsysteem/sensorruimte.csv.
2025-05-10 00:32:50,795 - INFO - uitschieter ontdekt in /home/jstuut/meetsysteem/sensorbuitenmuur.csv.
2025-05-10 00:32:50,798 - INFO - uitschieter ontdekt in /home/jstuut/meetsysteem/sensorbinnenmuur.csv.
2025-05-10 00:32:50,800 - INFO - uitschieter ontdekt in /home/jstuut/meetsysteem/sensorhoek.csv.
2025-05-10 00:32:50,802 - INFO - uitschieter ontdekt in /home/jstuut/meetsysteem/sensorraam.csv.
2025-05-10 00:32:50,803 - INFO - uitschieter ontdekt in /home/jstuut/meetsysteem/sensorruimte.csv.
2025-05-10 00:33:40,808 - INFO - uitschieter ontdekt in /home/jstuut/meetsysteem/sensorbuitenmuur.csv.
2025-05-10 00:33:40,810 - INFO - uitschieter ontdekt in /home/jstuut/meetsysteem/sensorbinnenmuur.csv.
2025-05-10 00:33:40,812 - INFO - uitschieter ontdekt in /home/jstuut/meetsysteem/sensorhoek.csv.
2025-05-10 00:33:40,814 - INFO - uitschieter ontdekt in /home/jstuut/meetsysteem/sensorraam.csv.
2025-05-10 00:33:40,816 - INFO - uitschieter ontdekt in /home/jstuut/meetsysteem/sensorruimte.csv.
2025-05-10 00:34:30,820 - INFO - uitschieter ontdekt in /home/jstuut/meetsysteem/sensorbuitenmuur.csv.
2025-05-10 00:34:30,822 - INFO - uitschieter ontdekt in /home/jstuut/meetsysteem/sensorbinnenmuur.csv.
2025-05-10 00:34:30,824 - INFO - uitschieter ontdekt in /home/jstuut/meetsysteem/sensorhoek.csv.
2025-05-10 00:34:30,826 - INFO - uitschieter ontdekt in /home/jstuut/meetsysteem/sensorraam.csv.
2025-05-10 00:34:30,828 - INFO - uitschieter ontdekt in /home/jstuut/meetsysteem/sensorruimte.csv.
2025-05-10 00:35:20,832 - INFO - uitschieter ontdekt in /home/jstuut/meetsysteem/sensorbuitenmuur.csv.
2025-05-10 00:35:20,834 - INFO - uitschieter ontdekt in /home/jstuut/meetsysteem/sensorbinnenmuur.csv.
2025-05-10 00:35:20,836 - INFO - uitschieter ontdekt in /home/jstuut/meetsysteem/sensorhoek.csv.
2025-05-10 00:35:20,838 - INFO - uitschieter ontdekt in /home/jstuut/meetsysteem/sensorraam.csv.
2025-05-10 00:35:20,840 - INFO - uitschieter ontdekt in /home/jstuut/meetsysteem/sensorruimte.csv.
2025-05-10 00:36:10,844 - INFO - uitschieter ontdekt in /home/jstuut/meetsysteem/sensorbuitenmuur.csv.
2025-05-10 00:36:10,846 - INFO - uitschieter ontdekt in /home/jstuut/meetsysteem/sensorbinnenmuur.csv.
2025-05-10 00:36:10,848 - INFO - uitschieter ontdekt in /home/jstuut/meetsysteem/sensorhoek.csv.
2025-05-10 00:36:10,850 - INFO - uitschieter ontdekt in /home/jstuut/meetsysteem/sensorraam.csv.
2025-05-10 00:36:10,852 - INFO - uitschieter ontdekt in /home/jstuut/meetsysteem/sensorruimte.csv.
2025-05-10 00:37:00,856 - INFO - uitschieter ontdekt in /home/jstuut/meetsysteem/sensorbuitenmuur.csv.
2025-05-10 00:37:00,858 - INFO - uitschieter ontdekt in /home/jstuut/meetsysteem/sensorbinnenmuur.csv.
2025-05-10 00:37:00,860 - INFO - uitschieter ontdekt in /home/jstuut/meetsysteem/sensorhoek.csv.
2025-05-10 00:37:00,862 - INFO - uitschieter ontdekt in /home/jstuut/meetsysteem/sensorraam.csv.
2025-05-10 00:37:00,864 - INFO - uitschieter ontdekt in /home/jstuut/meetsysteem/sensorruimte.csv.
2025-05-10 00:37:50,868 - INFO - uitschieter ontdekt in /home/jstuut/meetsysteem/sensorbuitenmuur.csv.
2025-05-10 00:37:50,870 - INFO - uitschieter ontdekt in /home/jstuut/meetsysteem/sensorbinnenmuur.csv.
2025-05-10 00:37:50,872 - INFO - uitschieter ontdekt in /home/jstuut/meetsysteem/sensorhoek.csv.
2025-05-10 00:37:50,874 - INFO - uitschieter ontdekt in /home/jstuut/meetsysteem/sensorraam.csv.
2025-05-10 00:37:50,876 - INFO - uitschieter ontdekt in /home/jstuut/meetsysteem/sensorruimte.csv.
2025-05-10 00:38:40,880 - INFO - uitschieter ontdekt in /home/jstuut/meetsysteem/sensorbuitenmuur.csv.
2025-05-10 00:38:40,882 - INFO - uitschieter ontdekt in /home/jstuut/meetsysteem/sensorbinnenmuur.csv.
2025-05-10 00:38:40,884 - INFO - uitschieter ontdekt in /home/jstuut/meetsysteem/sensorhoek.csv.
2025-05-10 00:38:40,886 - INFO - uitschieter ontdekt in /home/jstuut/meetsysteem/sensorraam.csv.
2025-05-10 00:38:40,888 - INFO - uitschieter ontdekt in /home/jstuut/meetsysteem/sensorruimte.csv.
2025-05-10 00:39:30,892 - INFO - uitschieter ontdekt in /home/jstuut/meetsysteem/sensorbuitenmuur.csv.
2025-05-10 00:39:30,894 - INFO - uitschieter ontdekt in /home/jstuut/meetsysteem/sensorbinnenmuur.csv.
2025-05-10 00:39:30,896 - INFO - uitschieter ontdekt in /home/jstuut/meetsysteem/sensorhoek.csv.
2025-05-10 00:39:30,898 - INFO - uitschieter ontdekt in /home/jstuut/meetsysteem/sensorraam.csv.
2025-05-10 00:39:30,900 - INFO - uitschieter ontdekt in /home/jstuut/meetsysteem/sensorruimte.csv.
2025-05-10 00:40:20,904 - INFO - uitschieter ontdekt in /home/jstuut/meetsysteem/sensorbuitenmuur.csv.
2025-05-10 00:40:20,906 - INFO - uitschieter ontdekt in /home/jstuut/meetsysteem/sensorbinnenmuur.csv.
2025-05-10 00:40:20,908 - INFO - uitschieter ontdekt in /home/jstuut/meetsysteem/sensorhoek.csv.
2025-05-10 00:40:20,910 - INFO - uitschieter ontdekt in /home/jstuut/meetsysteem/sensorraam.csv.
2025-05-10 00:40:20,912 - INFO - uitschieter ontdekt in /home/jstuut/meetsysteem/sensorruimte.csv.
2025-05-10 00:41:10,916 - INFO - uitschieter ontdekt in /home/jstuut/meetsysteem/sensorbuitenmuur.csv.
2025-05-10 00:41:10,921 - INFO - uitschieter ontdekt in /home/jstuut/meetsysteem/sensorraam.csv.
2025-05-10 00:42:00,927 - INFO - uitschieter ontdekt in /home/jstuut/meetsysteem/sensorbuitenmuur.csv.
2025-05-10 00:42:00,932 - INFO - uitschieter ontdekt in /home/jstuut/meetsysteem/sensorraam.csv.
2025-05-10 00:42:50,937 - INFO - uitschieter ontdekt in /home/jstuut/meetsysteem/sensorbuitenmuur.csv.
2025-05-10 00:42:50,943 - INFO - uitschieter ontdekt in /home/jstuut/meetsysteem/sensorraam.csv.
2025-05-10 00:43:40,948 - INFO - uitschieter ontdekt in /home/jstuut/meetsysteem/sensorbuitenmuur.csv.
2025-05-10 00:43:40,953 - INFO - uitschieter ontdekt in /home/jstuut/meetsysteem/sensorraam.csv.
2025-05-10 00:44:30,959 - INFO - uitschieter ontdekt in /home/jstuut/meetsysteem/sensorbuitenmuur.csv.
2025-05-10 00:44:30,964 - INFO - uitschieter ontdekt in /home/jstuut/meetsysteem/sensorraam.csv.
2025-05-10 00:45:20,970 - INFO - uitschieter ontdekt in /home/jstuut/meetsysteem/sensorbuitenmuur.csv.
2025-05-10 00:45:20,975 - INFO - uitschieter ontdekt in /home/jstuut/meetsysteem/sensorraam.csv.
2025-05-13 20:53:35,248 - INFO - uitschieter ontdekt in /home/jstuut/meetsysteem/sensorraam.csv.
2025-05-13 20:54:25,278 - INFO - uitschieter ontdekt in /home/jstuut/meetsysteem/sensorraam.csv.
2025-05-13 20:55:15,307 - INFO - uitschieter ontdekt in /home/jstuut/meetsysteem/sensorraam.csv.
2025-05-13 20:56:05,321 - INFO - uitschieter ontdekt in /home/jstuut/meetsysteem/sensorbuitenmuur.csv.
2025-05-13 20:56:05,335 - INFO - uitschieter ontdekt in /home/jstuut/meetsysteem/sensorraam.csv.
2025-05-13 20:56:55,351 - INFO - uitschieter ontdekt in /home/jstuut/meetsysteem/sensorbuitenmuur.csv.
2025-05-13 20:56:55,356 - INFO - uitschieter ontdekt in /home/jstuut/meetsysteem/sensorbinnenmuur.csv.
2025-05-13 20:56:55,367 - INFO - uitschieter ontdekt in /home/jstuut/meetsysteem/sensorraam.csv.
2025-05-13 20:57:45,380 - INFO - uitschieter ontdekt in /home/jstuut/meetsysteem/sensorbuitenmuur.csv.
2025-05-13 20:57:45,386 - INFO - uitschieter ontdekt in /home/jstuut/meetsysteem/sensorbinnenmuur.csv.
2025-05-13 20:57:45,396 - INFO - uitschieter ontdekt in /home/jstuut/meetsysteem/sensorraam.csv.
2025-05-13 20:58:35,411 - INFO - uitschieter ontdekt in /home/jstuut/meetsysteem/sensorbuitenmuur.csv.
2025-05-13 20:58:35,416 - INFO - uitschieter ontdekt in /home/jstuut/meetsysteem/sensorbinnenmuur.csv.
2025-05-13 20:58:35,426 - INFO - uitschieter ontdekt in /home/jstuut/meetsysteem/sensorraam.csv.
2025-05-13 20:59:25,441 - INFO - uitschieter ontdekt in /home/jstuut/meetsysteem/sensorbuitenmuur.csv.
2025-05-13 20:59:25,447 - INFO - uitschieter ontdekt in /home/jstuut/meetsysteem/sensorbinnenmuur.csv.
2025-05-13 20:59:25,457 - INFO - uitschieter ontdekt in /home/jstuut/meetsysteem/sensorraam.csv.
2025-05-13 21:00:15,472 - INFO - uitschieter ontdekt in /home/jstuut/meetsysteem/sensorbuitenmuur.csv.
2025-05-13 21:00:15,477 - INFO - uitschieter ontdekt in /home/jstuut/meetsysteem/sensorbinnenmuur.csv.
2025-05-13 21:00:15,487 - INFO - uitschieter ontdekt in /home/jstuut/meetsysteem/sensorraam.csv.
2025-05-13 21:01:05,504 - INFO - uitschieter ontdekt in /home/jstuut/meetsysteem/sensorbinnenmuur.csv.
2025-05-13 21:01:05,514 - INFO - uitschieter ontdekt in /home/jstuut/meetsysteem/sensorraam.csv.
2025-05-13 21:01:55,541 - INFO - uitschieter ontdekt in /home/jstuut/meetsysteem/sensorraam.csv.
2025-05-13 21:02:45,570 - INFO - uitschieter ontdekt in /home/jstuut/meetsysteem/sensorraam.csv.
2025-05-20 10:37:26,225 - INFO - uitschieter ontdekt in /home/jstuut/meetsysteem/sensorbuitenmuur.csv.
2025-05-20 10:38:16,251 - INFO - uitschieter ontdekt in /home/jstuut/meetsysteem/sensorbuitenmuur.csv.
2025-05-20 10:38:16,257 - INFO - uitschieter ontdekt in /home/jstuut/meetsysteem/sensorbinnenmuur.csv.
2025-05-20 10:39:06,284 - INFO - uitschieter ontdekt in /home/jstuut/meetsysteem/sensorbuitenmuur.csv.
2025-05-20 10:39:06,295 - INFO - uitschieter ontdekt in /home/jstuut/meetsysteem/sensorbinnenmuur.csv.
2025-05-20 10:39:06,302 - INFO - uitschieter ontdekt in /home/jstuut/meetsysteem/sensorhoek.csv.
2025-05-20 10:39:56,324 - INFO - uitschieter ontdekt in /home/jstuut/meetsysteem/sensorbuitenmuur.csv.
2025-05-20 10:39:56,330 - INFO - uitschieter ontdekt in /home/jstuut/meetsysteem/sensorbinnenmuur.csv.
2025-05-20 10:39:56,336 - INFO - uitschieter ontdekt in /home/jstuut/meetsysteem/sensorhoek.csv.
2025-05-20 10:39:56,342 - INFO - uitschieter ontdekt in /home/jstuut/meetsysteem/sensorraam.csv.
2025-05-20 10:40:46,359 - INFO - uitschieter ontdekt in /home/jstuut/meetsysteem/sensorbuitenmuur.csv.
2025-05-20 10:40:46,365 - INFO - uitschieter ontdekt in /home/jstuut/meetsysteem/sensorbinnenmuur.csv.
2025-05-20 10:40:46,371 - INFO - uitschieter ontdekt in /home/jstuut/meetsysteem/sensorhoek.csv.
2025-05-20 10:40:46,377 - INFO - uitschieter ontdekt in /home/jstuut/meetsysteem/sensorraam.csv.
2025-05-20 10:40:46,383 - INFO - uitschieter ontdekt in /home/jstuut/meetsysteem/sensorruimte.csv.
2025-05-20 10:41:36,395 - INFO - uitschieter ontdekt in /home/jstuut/meetsysteem/sensorbuitenmuur.csv.
2025-05-20 10:41:36,401 - INFO - uitschieter ontdekt in /home/jstuut/meetsysteem/sensorbinnenmuur.csv.
2025-05-20 10:41:36,407 - INFO - uitschieter ontdekt in /home/jstuut/meetsysteem/sensorhoek.csv.
2025-05-20 10:41:36,413 - INFO - uitschieter ontdekt in /home/jstuut/meetsysteem/sensorraam.csv.
2025-05-20 10:41:36,419 - INFO - uitschieter ontdekt in /home/jstuut/meetsysteem/sensorruimte.csv.
2025-05-20 10:42:26,430 - INFO - uitschieter ontdekt in /home/jstuut/meetsysteem/sensorbuitenmuur.csv.
2025-05-20 10:42:26,436 - INFO - uitschieter ontdekt in /home/jstuut/meetsysteem/sensorbinnenmuur.csv.
2025-05-20 10:42:26,442 - INFO - uitschieter ontdekt in /home/jstuut/meetsysteem/sensorhoek.csv.
2025-05-20 10:42:26,448 - INFO - uitschieter ontdekt in /home/jstuut/meetsysteem/sensorraam.csv.
2025-05-20 10:42:26,454 - INFO - uitschieter ontdekt in /home/jstuut/meetsysteem/sensorruimte.csv.
2025-05-20 10:43:16,466 - INFO - uitschieter ontdekt in /home/jstuut/meetsysteem/sensorbuitenmuur.csv.
2025-05-20 10:43:16,472 - INFO - uitschieter ontdekt in /home/jstuut/meetsysteem/sensorbinnenmuur.csv.
2025-05-20 10:43:16,478 - INFO - uitschieter ontdekt in /home/jstuut/meetsysteem/sensorhoek.csv.
2025-05-20 10:43:16,484 - INFO - uitschieter ontdekt in /home/jstuut/meetsysteem/sensorraam.csv.
2025-05-20 10:43:16,490 - INFO - uitschieter ontdekt in /home/jstuut/meetsysteem/sensorruimte.csv.
2025-05-20 10:44:06,502 - INFO - uitschieter ontdekt in /home/jstuut/meetsysteem/sensorbuitenmuur.csv.
2025-05-20 10:44:06,508 - INFO - uitschieter ontdekt in /home/jstuut/meetsysteem/sensorbinnenmuur.csv.
2025-05-20 10:44:06,519 - INFO - uitschieter ontdekt in /home/jstuut/meetsysteem/sensorraam.csv.
2025-05-20 10:44:06,525 - INFO - uitschieter ontdekt in /home/jstuut/meetsysteem/sensorruimte.csv.
2025-05-20 10:44:56,537 - INFO - uitschieter ontdekt in /home/jstuut/meetsysteem/sensorbuitenmuur.csv.
2025-05-20 10:44:56,543 - INFO - uitschieter ontdekt in /home/jstuut/meetsysteem/sensorbinnenmuur.csv.
2025-05-20 10:44:56,554 - INFO - uitschieter ontdekt in /home/jstuut/meetsysteem/sensorraam.csv.
2025-05-20 10:44:56,560 - INFO - uitschieter ontdekt in /home/jstuut/meetsysteem/sensorruimte.csv.
2025-05-20 10:45:46,571 - INFO - uitschieter ontdekt in /home/jstuut/meetsysteem/sensorbuitenmuur.csv.
2025-05-20 10:45:46,577 - INFO - uitschieter ontdekt in /home/jstuut/meetsysteem/sensorbinnenmuur.csv.
2025-05-20 10:45:46,589 - INFO - uitschieter ontdekt in /home/jstuut/meetsysteem/sensorraam.csv.
2025-05-20 10:46:36,605 - INFO - uitschieter ontdekt in /home/jstuut/meetsysteem/sensorbuitenmuur.csv.
2025-05-20 10:46:36,611 - INFO - uitschieter ontdekt in /home/jstuut/meetsysteem/sensorbinnenmuur.csv.
2025-05-20 10:46:36,623 - INFO - uitschieter ontdekt in /home/jstuut/meetsysteem/sensorraam.csv.
2025-05-20 10:47:26,645 - INFO - uitschieter ontdekt in /home/jstuut/meetsysteem/sensorbinnenmuur.csv.
2025-05-20 10:47:26,656 - INFO - uitschieter ontdekt in /home/jstuut/meetsysteem/sensorraam.csv.
2025-05-20 10:48:16,689 - INFO - uitschieter ontdekt in /home/jstuut/meetsysteem/sensorraam.csv.
2025-05-20 10:49:06,721 - INFO - uitschieter ontdekt in /home/jstuut/meetsysteem/sensorraam.csv.
